<?xml version="1.0" encoding="UTF-8"?>
<!-- Generated by org.testng.reporters.JUnitReportReporter -->
<testsuite skipped="0" hostname="DESKTOP-M3J39LL" name="BCW_PartnerWithUs.Franchise" tests="1" failures="0" timestamp="28 Mar 2019 13:47:57 GMT" time="37.039" errors="0">
  <testcase name="testFranchise" time="37.039" classname="BCW_PartnerWithUs.Franchise"/>
</testsuite> <!-- BCW_PartnerWithUs.Franchise -->
