<?xml version="1.0" encoding="UTF-8"?>
<!-- Generated by org.testng.reporters.JUnitReportReporter -->
<testsuite skipped="0" hostname="DESKTOP-M3J39LL" name="BCW_BentStudio.China" tests="1" failures="0" timestamp="29 Mar 2019 13:56:10 GMT" time="15.003" errors="0">
  <testcase name="testChina" time="15.003" classname="BCW_BentStudio.China"/>
</testsuite> <!-- BCW_BentStudio.China -->
