<?xml version="1.0" encoding="UTF-8"?>
<!-- Generated by org.testng.reporters.JUnitReportReporter -->
<testsuite skipped="0" hostname="DESKTOP-M3J39LL" name="BCW_PartnerWithUs.Affiliate" tests="1" failures="0" timestamp="28 Mar 2019 13:47:57 GMT" time="15.061" errors="0">
  <testcase name="testAffiliate" time="15.061" classname="BCW_PartnerWithUs.Affiliate"/>
</testsuite> <!-- BCW_PartnerWithUs.Affiliate -->
