<?xml version="1.0" encoding="UTF-8"?>
<!-- Generated by org.testng.reporters.JUnitReportReporter -->
<testsuite skipped="0" hostname="DESKTOP-M3J39LL" name="BCW_Login.bentchairLogin" tests="1" failures="0" timestamp="28 Mar 2019 12:39:21 GMT" time="12.513" errors="0">
  <testcase name="testBentchairLogin" time="12.513" classname="BCW_Login.bentchairLogin"/>
</testsuite> <!-- BCW_Login.bentchairLogin -->
