<?xml version="1.0" encoding="UTF-8"?>
<!-- Generated by org.testng.reporters.JUnitReportReporter -->
<testsuite skipped="0" hostname="DESKTOP-M3J39LL" name="BCW_Order.OrderProduct" tests="1" failures="0" timestamp="28 Mar 2019 10:46:30 GMT" time="94.902" errors="0">
  <testcase name="testOrderProduct" time="94.902" classname="BCW_Order.OrderProduct"/>
</testsuite> <!-- BCW_Order.OrderProduct -->
