<?xml version="1.0" encoding="UTF-8"?>
<!-- Generated by org.testng.reporters.JUnitReportReporter -->
<testsuite skipped="0" hostname="DESKTOP-M3J39LL" name="BCW_PartnerWithUs.Franchise" tests="1" failures="0" timestamp="17 Apr 2019 11:04:55 GMT" time="54.355" errors="0">
  <testcase name="testFranchise" time="54.355" classname="BCW_PartnerWithUs.Franchise"/>
</testsuite> <!-- BCW_PartnerWithUs.Franchise -->
