<?xml version="1.0" encoding="UTF-8"?>
<!-- Generated by org.testng.reporters.JUnitReportReporter -->
<testsuite skipped="0" hostname="DESKTOP-M3J39LL" name="BCW_BentStudio.Raipur" tests="1" failures="0" timestamp="29 Mar 2019 13:56:10 GMT" time="14.921" errors="0">
  <testcase name="testRaipur" time="14.921" classname="BCW_BentStudio.Raipur"/>
</testsuite> <!-- BCW_BentStudio.Raipur -->
