<?xml version="1.0" encoding="UTF-8"?>
<!-- Generated by org.testng.reporters.JUnitReportReporter -->
<testsuite skipped="0" hostname="DESKTOP-M3J39LL" name="BCW_PartnerWithUs.Seller" tests="1" failures="0" timestamp="29 Mar 2019 10:21:53 GMT" time="16.533" errors="0">
  <testcase name="testSeller" time="16.533" classname="BCW_PartnerWithUs.Seller"/>
</testsuite> <!-- BCW_PartnerWithUs.Seller -->
