<?xml version="1.0" encoding="UTF-8"?>
<!-- Generated by org.testng.reporters.JUnitReportReporter -->
<testsuite skipped="0" hostname="DESKTOP-M3J39LL" name="BCW_BentStudio.Agra" tests="1" failures="0" timestamp="18 Apr 2019 06:53:33 GMT" time="24.775" errors="0">
  <testcase name="testAgra" time="24.775" classname="BCW_BentStudio.Agra"/>
</testsuite> <!-- BCW_BentStudio.Agra -->
