<?xml version="1.0" encoding="UTF-8"?>
<!-- Generated by org.testng.reporters.JUnitReportReporter -->
<testsuite skipped="0" hostname="DESKTOP-M3J39LL" name="BCW_BentStudio.Mumbai" tests="1" failures="0" timestamp="29 Mar 2019 13:56:10 GMT" time="15.231" errors="0">
  <testcase name="testMumbai" time="15.231" classname="BCW_BentStudio.Mumbai"/>
</testsuite> <!-- BCW_BentStudio.Mumbai -->
