<?xml version="1.0" encoding="UTF-8"?>
<!-- Generated by org.testng.reporters.JUnitReportReporter -->
<testsuite skipped="0" hostname="DESKTOP-M3J39LL" name="BCW_BentStudio.Bengaluru" tests="1" failures="0" timestamp="18 Apr 2019 06:53:33 GMT" time="13.959" errors="0">
  <testcase name="testBengaluru" time="13.959" classname="BCW_BentStudio.Bengaluru"/>
</testsuite> <!-- BCW_BentStudio.Bengaluru -->
