<?xml version="1.0" encoding="UTF-8"?>
<!-- Generated by org.testng.reporters.JUnitReportReporter -->
<testsuite skipped="0" hostname="DESKTOP-M3J39LL" name="BCW_Login.googleLogin" tests="1" failures="0" timestamp="28 Mar 2019 12:39:21 GMT" time="24.569" errors="0">
  <testcase name="testGoogleLogin" time="24.569" classname="BCW_Login.googleLogin"/>
</testsuite> <!-- BCW_Login.googleLogin -->
