<?xml version="1.0" encoding="UTF-8"?>
<!-- Generated by org.testng.reporters.JUnitReportReporter -->
<testsuite skipped="0" hostname="DESKTOP-M3J39LL" name="BCW_BentStudio.Bengaluru" tests="1" failures="0" timestamp="07 Aug 2019 11:43:24 GMT" time="15.032" errors="0">
  <testcase name="testBengaluru" time="15.032" classname="BCW_BentStudio.Bengaluru"/>
</testsuite> <!-- BCW_BentStudio.Bengaluru -->
