<?xml version="1.0" encoding="UTF-8"?>
<!-- Generated by org.testng.reporters.JUnitReportReporter -->
<testsuite skipped="0" hostname="DESKTOP-M3J39LL" name="BCW_Login.facebookLogin" tests="1" failures="0" timestamp="07 Aug 2019 09:14:32 GMT" time="23.843" errors="0">
  <testcase name="testFacebookLogin" time="23.843" classname="BCW_Login.facebookLogin"/>
</testsuite> <!-- BCW_Login.facebookLogin -->
