<?xml version="1.0" encoding="UTF-8"?>
<!-- Generated by org.testng.reporters.JUnitReportReporter -->
<testsuite skipped="0" hostname="DESKTOP-M3J39LL" name="BCW_BentStudio.Agra" tests="1" failures="0" timestamp="25 May 2019 12:32:16 GMT" time="20.101" errors="0">
  <testcase name="testAgra" time="20.101" classname="BCW_BentStudio.Agra"/>
</testsuite> <!-- BCW_BentStudio.Agra -->
