<?xml version="1.0" encoding="UTF-8"?>
<!-- Generated by org.testng.reporters.JUnitReportReporter -->
<testsuite skipped="0" hostname="DESKTOP-M3J39LL" name="BCW_BentStudio.Chennai" tests="1" failures="0" timestamp="29 Mar 2019 13:56:10 GMT" time="14.253" errors="0">
  <testcase name="testChennai" time="14.253" classname="BCW_BentStudio.Chennai"/>
</testsuite> <!-- BCW_BentStudio.Chennai -->
