<?xml version="1.0" encoding="UTF-8"?>
<!-- Generated by org.testng.reporters.JUnitReportReporter -->
<testsuite skipped="0" hostname="DESKTOP-M3J39LL" name="BCW_Order.OrderProduct" tests="1" failures="0" timestamp="17 Apr 2019 11:19:37 GMT" time="73.267" errors="0">
  <testcase name="testOrderProduct" time="73.267" classname="BCW_Order.OrderProduct"/>
</testsuite> <!-- BCW_Order.OrderProduct -->
