<?xml version="1.0" encoding="UTF-8"?>
<!-- Generated by org.testng.reporters.JUnitReportReporter -->
<testsuite skipped="0" hostname="DESKTOP-M3J39LL" name="BCW_BentStudio.Bengaluru" tests="1" failures="0" timestamp="30 Mar 2019 07:16:44 GMT" time="18.408" errors="0">
  <testcase name="testBengaluru" time="18.408" classname="BCW_BentStudio.Bengaluru"/>
</testsuite> <!-- BCW_BentStudio.Bengaluru -->
