<?xml version="1.0" encoding="UTF-8"?>
<!-- Generated by org.testng.reporters.JUnitReportReporter -->
<testsuite skipped="0" hostname="DESKTOP-M3J39LL" name="BCW_Login.facebookLogin" tests="1" failures="0" timestamp="18 Apr 2019 06:49:23 GMT" time="21.343" errors="0">
  <testcase name="testFacebookLogin" time="21.343" classname="BCW_Login.facebookLogin"/>
</testsuite> <!-- BCW_Login.facebookLogin -->
