<?xml version="1.0" encoding="UTF-8"?>
<!-- Generated by org.testng.reporters.JUnitReportReporter -->
<testsuite skipped="0" hostname="DESKTOP-M3J39LL" name="BCW_Order.OrderProduct" tests="1" failures="0" timestamp="25 May 2019 10:36:53 GMT" time="49.183" errors="0">
  <testcase name="testOrderProduct" time="49.183" classname="BCW_Order.OrderProduct"/>
</testsuite> <!-- BCW_Order.OrderProduct -->
