<?xml version="1.0" encoding="UTF-8"?>
<!-- Generated by org.testng.reporters.JUnitReportReporter -->
<testsuite skipped="0" hostname="DESKTOP-M3J39LL" name="BCW_Login.googleLogin" tests="1" failures="0" timestamp="07 Aug 2019 09:14:32 GMT" time="46.741" errors="0">
  <testcase name="testGoogleLogin" time="46.741" classname="BCW_Login.googleLogin"/>
</testsuite> <!-- BCW_Login.googleLogin -->
