<?xml version="1.0" encoding="UTF-8"?>
<!-- Generated by org.testng.reporters.JUnitReportReporter -->
<testsuite skipped="0" hostname="DESKTOP-M3J39LL" name="BCW_BentStudio.Vadodara" tests="1" failures="0" timestamp="07 Aug 2019 12:00:16 GMT" time="15.657" errors="0">
  <testcase name="testVadodara" time="15.657" classname="BCW_BentStudio.Vadodara"/>
</testsuite> <!-- BCW_BentStudio.Vadodara -->
