<?xml version="1.0" encoding="UTF-8"?>
<!-- Generated by org.testng.reporters.JUnitReportReporter -->
<testsuite skipped="0" hostname="DESKTOP-M3J39LL" name="BCW_BentStudio.Chennai" tests="1" failures="0" timestamp="18 Apr 2019 06:53:33 GMT" time="14.197" errors="0">
  <testcase name="testChennai" time="14.197" classname="BCW_BentStudio.Chennai"/>
</testsuite> <!-- BCW_BentStudio.Chennai -->
