<?xml version="1.0" encoding="UTF-8"?>
<!-- Generated by org.testng.reporters.JUnitReportReporter -->
<testsuite skipped="0" hostname="DESKTOP-M3J39LL" name="BCW_BentStudio.Chennai" tests="1" failures="0" timestamp="07 Aug 2019 12:00:16 GMT" time="15.026" errors="0">
  <testcase name="testChennai" time="15.026" classname="BCW_BentStudio.Chennai"/>
</testsuite> <!-- BCW_BentStudio.Chennai -->
