<?xml version="1.0" encoding="UTF-8"?>
<!-- Generated by org.testng.reporters.JUnitReportReporter -->
<testsuite skipped="0" hostname="DESKTOP-M3J39LL" name="BCW_BentStudio.Lucknow" tests="1" failures="0" timestamp="29 Mar 2019 13:59:18 GMT" time="16.851" errors="0">
  <testcase name="testLucknow" time="16.851" classname="BCW_BentStudio.Lucknow"/>
</testsuite> <!-- BCW_BentStudio.Lucknow -->
