<?xml version="1.0" encoding="UTF-8"?>
<!-- Generated by org.testng.reporters.JUnitReportReporter -->
<testsuite skipped="0" hostname="DESKTOP-M3J39LL" name="BCW_BentStudio.Delhi" tests="1" failures="0" timestamp="17 Apr 2019 07:49:32 GMT" time="194.427" errors="0">
  <testcase name="testDelhi" time="194.427" classname="BCW_BentStudio.Delhi"/>
</testsuite> <!-- BCW_BentStudio.Delhi -->
