<?xml version="1.0" encoding="UTF-8"?>
<!-- Generated by org.testng.reporters.JUnitReportReporter -->
<testsuite skipped="0" hostname="DESKTOP-M3J39LL" name="BCW_BentStudio.Agra" tests="1" failures="0" timestamp="29 Mar 2019 13:59:52 GMT" time="13.919" errors="0">
  <testcase name="testAgra" time="13.919" classname="BCW_BentStudio.Agra"/>
</testsuite> <!-- BCW_BentStudio.Agra -->
