<?xml version="1.0" encoding="UTF-8"?>
<!-- Generated by org.testng.reporters.JUnitReportReporter -->
<testsuite skipped="0" hostname="DESKTOP-M3J39LL" name="BCW_BentStudio.CorporateOfficeDelhi" tests="1" failures="0" timestamp="07 Aug 2019 12:00:16 GMT" time="13.057" errors="0">
  <testcase name="testCorporateOfficeDelhi" time="13.057" classname="BCW_BentStudio.CorporateOfficeDelhi"/>
</testsuite> <!-- BCW_BentStudio.CorporateOfficeDelhi -->
