<?xml version="1.0" encoding="UTF-8"?>
<!-- Generated by org.testng.reporters.JUnitReportReporter -->
<testsuite skipped="0" hostname="DESKTOP-M3J39LL" name="BCW_BentStudio.Delhi" tests="1" failures="0" timestamp="07 Aug 2019 11:43:24 GMT" time="14.923" errors="0">
  <testcase name="testDelhi" time="14.923" classname="BCW_BentStudio.Delhi"/>
</testsuite> <!-- BCW_BentStudio.Delhi -->
