<?xml version="1.0" encoding="UTF-8"?>
<!-- Generated by org.testng.reporters.JUnitReportReporter -->
<testsuite skipped="0" hostname="DESKTOP-M3J39LL" name="BCW_BentStudio.Mumbai" tests="1" failures="0" timestamp="18 Apr 2019 06:53:33 GMT" time="15.636" errors="0">
  <testcase name="testMumbai" time="15.636" classname="BCW_BentStudio.Mumbai"/>
</testsuite> <!-- BCW_BentStudio.Mumbai -->
