<?xml version="1.0" encoding="UTF-8"?>
<!-- Generated by org.testng.reporters.JUnitReportReporter -->
<testsuite skipped="0" hostname="DESKTOP-M3J39LL" name="BCW_Login.googleLogin" tests="1" failures="0" timestamp="18 Apr 2019 06:49:23 GMT" time="26.137" errors="0">
  <testcase name="testGoogleLogin" time="26.137" classname="BCW_Login.googleLogin"/>
</testsuite> <!-- BCW_Login.googleLogin -->
