<?xml version="1.0" encoding="UTF-8"?>
<!-- Generated by org.testng.reporters.JUnitReportReporter -->
<testsuite skipped="0" hostname="DESKTOP-M3J39LL" name="demo.search" tests="1" failures="0" timestamp="04 Sep 2019 12:27:35 GMT" time="11.038" errors="0">
  <testcase name="testsearch" time="11.038" classname="demo.search"/>
</testsuite> <!-- demo.search -->
